<?xml version="1.0" encoding="UTF-8"?>
<!-- Generated by org.testng.reporters.JUnitXMLReporter -->
<testsuite hostname="DESKTOP-SI0J3GJ" ignored="0" name="Default test" tests="3" failures="0" timestamp="31 Jan 2024 14:30:50 GMT" time="50.237" errors="0">
  <testcase name="browser" time="29.626" classname="urlaunch.browserlaunch"/>
  <testcase name="Watch" time="13.293" classname="WatchMode.Watch"/>
  <testcase name="nav" time="7.296" classname="urlaunch.browserlaunch"/>
</testsuite> <!-- Default test -->
