<?xml version="1.0" encoding="UTF-8"?>
<!-- Generated by org.testng.reporters.JUnitXMLReporter -->
<testsuite hostname="DESKTOP-SI0J3GJ" ignored="0" name="Default test" tests="3" failures="0" timestamp="31 Jan 2024 09:51:47 GMT" time="26.606" errors="0">
  <testcase name="browser" time="11.031" classname="urlaunch.browserlaunch"/>
  <testcase name="Watch" time="10.523" classname="urlaunch.browserlaunch"/>
  <testcase name="nav" time="5.024" classname="urlaunch.browserlaunch"/>
</testsuite> <!-- Default test -->
