<?xml version="1.0" encoding="UTF-8"?>
<!-- Generated by org.testng.reporters.JUnitXMLReporter -->
<testsuite hostname="DESKTOP-SI0J3GJ" ignored="0" name="Test" tests="5" failures="0" timestamp="31 Jan 2024 13:33:01 GMT" time="28.395" errors="0">
  <testcase name="browser" time="6.13" classname="urlaunch.browserlaunch"/>
  <testcase name="browser" time="2.258" classname="urlaunch.browserlaunch"/>
  <testcase name="browser" time="2.328" classname="urlaunch.browserlaunch"/>
  <testcase name="Watch" time="11.698" classname="WatchMode.Watch"/>
  <testcase name="nav" time="5.926" classname="Navig.navigtn"/>
</testsuite> <!-- Test -->
