<?xml version="1.0" encoding="UTF-8"?>
<!-- Generated by org.testng.reporters.JUnitXMLReporter -->
<testsuite hostname="DESKTOP-SI0J3GJ" ignored="0" name="Test" tests="5" failures="0" timestamp="31 Jan 2024 14:54:45 GMT" time="38.655" errors="0">
  <testcase name="browser" time="9.043" classname="urlaunch.browserlaunch"/>
  <testcase name="browser" time="2.05" classname="urlaunch.browserlaunch"/>
  <testcase name="Watch" time="13.356" classname="WatchMode.Watchbutton"/>
  <testcase name="nav" time="6.015" classname="urlaunch.browserlaunch"/>
  <testcase name="nav" time="8.162" classname="urlaunch.browserlaunch"/>
</testsuite> <!-- Test -->
