<?xml version="1.0" encoding="UTF-8"?>
<!-- Generated by org.testng.reporters.JUnitXMLReporter -->
<testsuite hostname="DESKTOP-SI0J3GJ" ignored="0" name="Test" tests="3" failures="0" timestamp="31 Jan 2024 09:54:38 GMT" time="38.421" errors="0">
  <testcase name="browser" time="18.256" classname="urlaunch.browserlaunch"/>
  <testcase name="Watch" time="12.448" classname="urlaunch.browserlaunch"/>
  <testcase name="nav" time="7.696" classname="urlaunch.browserlaunch"/>
</testsuite> <!-- Test -->
