<?xml version="1.0" encoding="UTF-8"?>
<!-- Generated by org.testng.reporters.JUnitXMLReporter -->
<testsuite hostname="DESKTOP-SI0J3GJ" ignored="0" name="Test" tests="5" failures="0" timestamp="31 Jan 2024 14:12:22 GMT" time="49.598" errors="0">
  <testcase name="browser" time="14.925" classname="urlaunch.browserlaunch"/>
  <testcase name="browser" time="3.964" classname="urlaunch.browserlaunch"/>
  <testcase name="Watch" time="17.501" classname="WatchMode.Watch"/>
  <testcase name="nav" time="6.971" classname="urlaunch.browserlaunch"/>
  <testcase name="nav" time="6.213" classname="urlaunch.browserlaunch"/>
</testsuite> <!-- Test -->
