<?xml version="1.0" encoding="UTF-8"?>
<testng-results skipped="0" failed="0" ignored="0" total="3" passed="3">
  <reporter-output>
  </reporter-output>
  <suite name="Suite" duration-ms="38421" started-at="2024-01-31T09:53:59Z" finished-at="2024-01-31T09:54:38Z">
    <groups>
    </groups>
    <test name="Test" duration-ms="38421" started-at="2024-01-31T09:53:59Z" finished-at="2024-01-31T09:54:38Z">
      <class name="urlaunch.browserlaunch">
        <test-method status="PASS" signature="browser()[pri:0, instance:urlaunch.browserlaunch@59b38691]" name="browser" duration-ms="18256" started-at="2024-01-31T09:53:59Z" finished-at="2024-01-31T09:54:18Z">
          <reporter-output>
          </reporter-output>
        </test-method> <!-- browser -->
        <test-method status="PASS" signature="Watch()[pri:1, instance:urlaunch.browserlaunch@59b38691]" name="Watch" duration-ms="12448" started-at="2024-01-31T09:54:18Z" finished-at="2024-01-31T09:54:30Z">
          <reporter-output>
          </reporter-output>
        </test-method> <!-- Watch -->
        <test-method status="PASS" signature="nav()[pri:2, instance:urlaunch.browserlaunch@59b38691]" name="nav" duration-ms="7696" started-at="2024-01-31T09:54:30Z" finished-at="2024-01-31T09:54:38Z">
          <reporter-output>
          </reporter-output>
        </test-method> <!-- nav -->
      </class> <!-- urlaunch.browserlaunch -->
    </test> <!-- Test -->
  </suite> <!-- Suite -->
</testng-results>
