<?xml version="1.0" encoding="UTF-8"?>
<testng-results skipped="0" failed="0" ignored="0" total="5" passed="5">
  <reporter-output>
  </reporter-output>
  <suite name="Suite" duration-ms="49598" started-at="2024-01-31T14:11:32Z" finished-at="2024-01-31T14:12:22Z">
    <groups>
    </groups>
    <test name="Test" duration-ms="49598" started-at="2024-01-31T14:11:32Z" finished-at="2024-01-31T14:12:22Z">
      <class name="WatchMode.Watch">
        <test-method status="PASS" signature="browser()[pri:0, instance:WatchMode.Watch@6187d1f5]" name="browser" duration-ms="3964" started-at="2024-01-31T14:11:47Z" finished-at="2024-01-31T14:11:51Z">
          <reporter-output>
          </reporter-output>
        </test-method> <!-- browser -->
        <test-method status="PASS" signature="Watch()[pri:1, instance:WatchMode.Watch@6187d1f5]" name="Watch" duration-ms="17501" started-at="2024-01-31T14:11:51Z" finished-at="2024-01-31T14:12:09Z">
          <reporter-output>
          </reporter-output>
        </test-method> <!-- Watch -->
        <test-method status="PASS" signature="nav()[pri:2, instance:WatchMode.Watch@6187d1f5]" name="nav" duration-ms="6213" started-at="2024-01-31T14:12:16Z" finished-at="2024-01-31T14:12:22Z">
          <reporter-output>
          </reporter-output>
        </test-method> <!-- nav -->
      </class> <!-- WatchMode.Watch -->
      <class name="urlaunch.browserlaunch">
        <test-method status="PASS" signature="browser()[pri:0, instance:urlaunch.browserlaunch@324a0017]" name="browser" duration-ms="14925" started-at="2024-01-31T14:11:32Z" finished-at="2024-01-31T14:11:47Z">
          <reporter-output>
          </reporter-output>
        </test-method> <!-- browser -->
        <test-method status="PASS" signature="nav()[pri:2, instance:urlaunch.browserlaunch@324a0017]" name="nav" duration-ms="6971" started-at="2024-01-31T14:12:09Z" finished-at="2024-01-31T14:12:16Z">
          <reporter-output>
          </reporter-output>
        </test-method> <!-- nav -->
      </class> <!-- urlaunch.browserlaunch -->
    </test> <!-- Test -->
  </suite> <!-- Suite -->
</testng-results>
