<?xml version="1.0" encoding="UTF-8"?>
<testng-results skipped="0" failed="0" ignored="0" total="1" passed="1">
  <reporter-output>
  </reporter-output>
  <suite name="Default suite" duration-ms="34579" started-at="2024-02-01T05:07:37Z" finished-at="2024-02-01T05:08:12Z">
    <groups>
    </groups>
    <test name="Default test" duration-ms="34579" started-at="2024-02-01T05:07:37Z" finished-at="2024-02-01T05:08:12Z">
      <class name="urlaunch.browserlaunch">
        <test-method status="PASS" signature="nav()[pri:2, instance:urlaunch.browserlaunch@35f26e72]" name="nav" duration-ms="34517" started-at="2024-02-01T05:07:37Z" finished-at="2024-02-01T05:08:12Z">
          <reporter-output>
          </reporter-output>
        </test-method> <!-- nav -->
      </class> <!-- urlaunch.browserlaunch -->
    </test> <!-- Default test -->
  </suite> <!-- Default suite -->
</testng-results>
